[debug] [2023-05-04T04:54:00.648Z] ----------------------------------------------------------------------
[debug] [2023-05-04T04:54:00.650Z] Command:       C:\Program Files\nodejs\node.exe C:\Users\IDEAELAN - SRIRAM\AppData\Roaming\npm\node_modules\firebase-tools\lib\bin\firebase.js init hosting
[debug] [2023-05-04T04:54:00.650Z] CLI Version:   11.30.0
[debug] [2023-05-04T04:54:00.651Z] Platform:      win32
[debug] [2023-05-04T04:54:00.651Z] Node Version:  v18.14.1
[debug] [2023-05-04T04:54:00.654Z] Time:          Thu May 04 2023 10:24:00 GMT+0530 (India Standard Time)
[debug] [2023-05-04T04:54:00.655Z] ----------------------------------------------------------------------
[debug] 
[debug] [2023-05-04T04:54:00.659Z] >>> [apiv2][query] GET https://firebase-public.firebaseio.com/cli.json [none]
[debug] [2023-05-04T04:54:00.832Z] > command requires scopes: ["email","openid","https://www.googleapis.com/auth/cloudplatformprojects.readonly","https://www.googleapis.com/auth/firebase","https://www.googleapis.com/auth/cloud-platform"]
[debug] [2023-05-04T04:54:00.832Z] > authorizing via signed-in user (codewithsreeram@gmail.com)
[info] 
     ######## #### ########  ######## ########     ###     ######  ########
     ##        ##  ##     ## ##       ##     ##  ##   ##  ##       ##
     ######    ##  ########  ######   ########  #########  ######  ######
     ##        ##  ##    ##  ##       ##     ## ##     ##       ## ##
     ##       #### ##     ## ######## ########  ##     ##  ######  ########

You're about to initialize a Firebase project in this directory:

  D:\Sreeram\Projects\e-shopping

Before we get started, keep in mind:

  * You are initializing within an existing Firebase project directory

[debug] [2023-05-04T04:54:01.497Z] <<< [apiv2][status] GET https://firebase-public.firebaseio.com/cli.json 200
[debug] [2023-05-04T04:54:01.497Z] <<< [apiv2][body] GET https://firebase-public.firebaseio.com/cli.json {"cloudBuildErrorAfter":1594252800000,"cloudBuildWarnAfter":1590019200000,"defaultNode10After":1594252800000,"minVersion":"3.0.5","node8DeploysDisabledAfter":1613390400000,"node8RuntimeDisabledAfter":1615809600000,"node8WarnAfter":1600128000000}
[info] 
=== Project Setup
[info] 
[info] First, let's associate this project directory with a Firebase project.
[info] You can create multiple project aliases by running firebase use --add, 
[info] but for now we'll just set up a default project.
[info] 
[debug] [2023-05-04T04:54:04.844Z] Using project from CLI flag: e-shopping-ddb12
[debug] [2023-05-04T04:54:04.845Z] > refreshing access token with scopes: []
[debug] [2023-05-04T04:54:04.847Z] >>> [apiv2][query] POST https://www.googleapis.com/oauth2/v3/token [none]
[debug] [2023-05-04T04:54:04.847Z] >>> [apiv2][body] POST https://www.googleapis.com/oauth2/v3/token [omitted]
[debug] [2023-05-04T04:54:05.002Z] <<< [apiv2][status] POST https://www.googleapis.com/oauth2/v3/token 400
[debug] [2023-05-04T04:54:05.002Z] <<< [apiv2][body] POST https://www.googleapis.com/oauth2/v3/token [omitted]
[debug] [2023-05-04T04:54:05.003Z] >>> [apiv2][query] GET https://firebase.googleapis.com/v1beta1/projects/e-shopping-ddb12 [none]
[debug] [2023-05-04T04:54:05.189Z] <<< [apiv2][status] GET https://firebase.googleapis.com/v1beta1/projects/e-shopping-ddb12 401
[debug] [2023-05-04T04:54:05.190Z] <<< [apiv2][body] GET https://firebase.googleapis.com/v1beta1/projects/e-shopping-ddb12 {"error":{"code":401,"message":"Request had invalid authentication credentials. Expected OAuth 2 access token, login cookie or other valid authentication credential. See https://developers.google.com/identity/sign-in/web/devconsole-project.","status":"UNAUTHENTICATED"}}
[debug] [2023-05-04T04:54:05.190Z] HTTP Error: 401, Request had invalid authentication credentials. Expected OAuth 2 access token, login cookie or other valid authentication credential. See https://developers.google.com/identity/sign-in/web/devconsole-project.
[debug] [2023-05-04T04:54:05.414Z] FirebaseError: HTTP Error: 401, Request had invalid authentication credentials. Expected OAuth 2 access token, login cookie or other valid authentication credential. See https://developers.google.com/identity/sign-in/web/devconsole-project.
    at responseToError (C:\Users\IDEAELAN - SRIRAM\AppData\Roaming\npm\node_modules\firebase-tools\lib\responseToError.js:49:12)
    at RetryOperation._fn (C:\Users\IDEAELAN - SRIRAM\AppData\Roaming\npm\node_modules\firebase-tools\lib\apiv2.js:288:77)
    at process.processTicksAndRejections (node:internal/process/task_queues:95:5)
[error] 
[error] Error: Failed to get Firebase project e-shopping-ddb12. Please make sure the project exists and your account has permission to access it.
[debug] [2023-05-04T04:58:23.559Z] ----------------------------------------------------------------------
[debug] [2023-05-04T04:58:23.563Z] Command:       C:\Program Files\nodejs\node.exe C:\Users\IDEAELAN - SRIRAM\AppData\Roaming\npm\node_modules\firebase-tools\lib\bin\firebase.js deploy
[debug] [2023-05-04T04:58:23.564Z] CLI Version:   11.30.0
[debug] [2023-05-04T04:58:23.565Z] Platform:      win32
[debug] [2023-05-04T04:58:23.565Z] Node Version:  v18.14.1
[debug] [2023-05-04T04:58:23.567Z] Time:          Thu May 04 2023 10:28:23 GMT+0530 (India Standard Time)
[debug] [2023-05-04T04:58:23.568Z] ----------------------------------------------------------------------
[debug] 
[debug] [2023-05-04T04:58:23.778Z] > command requires scopes: ["email","openid","https://www.googleapis.com/auth/cloudplatformprojects.readonly","https://www.googleapis.com/auth/firebase","https://www.googleapis.com/auth/cloud-platform"]
[debug] [2023-05-04T04:58:23.780Z] > authorizing via signed-in user (codewithsreeram@gmail.com)
[debug] [2023-05-04T04:58:23.780Z] [iam] checking project e-shopping-ddb12 for permissions ["firebase.projects.get","firebasehosting.sites.update"]
[debug] [2023-05-04T04:58:23.785Z] > refreshing access token with scopes: []
[debug] [2023-05-04T04:58:23.789Z] >>> [apiv2][query] POST https://www.googleapis.com/oauth2/v3/token [none]
[debug] [2023-05-04T04:58:23.789Z] >>> [apiv2][body] POST https://www.googleapis.com/oauth2/v3/token [omitted]
[debug] [2023-05-04T04:58:24.160Z] <<< [apiv2][status] POST https://www.googleapis.com/oauth2/v3/token 400
[debug] [2023-05-04T04:58:24.160Z] <<< [apiv2][body] POST https://www.googleapis.com/oauth2/v3/token [omitted]
[debug] [2023-05-04T04:58:24.161Z] >>> [apiv2][query] POST https://cloudresourcemanager.googleapis.com/v1/projects/e-shopping-ddb12:testIamPermissions [none]
[debug] [2023-05-04T04:58:24.161Z] >>> [apiv2][(partial)header] POST https://cloudresourcemanager.googleapis.com/v1/projects/e-shopping-ddb12:testIamPermissions x-goog-quota-user=projects/e-shopping-ddb12
[debug] [2023-05-04T04:58:24.161Z] >>> [apiv2][body] POST https://cloudresourcemanager.googleapis.com/v1/projects/e-shopping-ddb12:testIamPermissions {"permissions":["firebase.projects.get","firebasehosting.sites.update"]}
[debug] [2023-05-04T04:58:25.465Z] <<< [apiv2][status] POST https://cloudresourcemanager.googleapis.com/v1/projects/e-shopping-ddb12:testIamPermissions 401
[debug] [2023-05-04T04:58:25.465Z] <<< [apiv2][body] POST https://cloudresourcemanager.googleapis.com/v1/projects/e-shopping-ddb12:testIamPermissions {"error":{"code":401,"message":"Request had invalid authentication credentials. Expected OAuth 2 access token, login cookie or other valid authentication credential. See https://developers.google.com/identity/sign-in/web/devconsole-project.","status":"UNAUTHENTICATED","details":[{"@type":"type.googleapis.com/google.rpc.ErrorInfo","reason":"ACCESS_TOKEN_TYPE_UNSUPPORTED","metadata":{"method":"google.cloudresourcemanager.v1.Projects.TestIamPermissions","service":"cloudresourcemanager.googleapis.com"}}]}}
[debug] [2023-05-04T04:58:25.467Z] [iam] error while checking permissions, command may fail: FirebaseError: HTTP Error: 401, Request had invalid authentication credentials. Expected OAuth 2 access token, login cookie or other valid authentication credential. See https://developers.google.com/identity/sign-in/web/devconsole-project.
[debug] [2023-05-04T04:58:25.468Z] > refreshing access token with scopes: []
[debug] [2023-05-04T04:58:25.468Z] >>> [apiv2][query] POST https://www.googleapis.com/oauth2/v3/token [none]
[debug] [2023-05-04T04:58:25.469Z] >>> [apiv2][body] POST https://www.googleapis.com/oauth2/v3/token [omitted]
[debug] [2023-05-04T04:58:25.617Z] <<< [apiv2][status] POST https://www.googleapis.com/oauth2/v3/token 400
[debug] [2023-05-04T04:58:25.618Z] <<< [apiv2][body] POST https://www.googleapis.com/oauth2/v3/token [omitted]
[debug] [2023-05-04T04:58:25.619Z] >>> [apiv2][query] GET https://firebase.googleapis.com/v1beta1/projects/e-shopping-ddb12 [none]
[debug] [2023-05-04T04:58:25.857Z] <<< [apiv2][status] GET https://firebase.googleapis.com/v1beta1/projects/e-shopping-ddb12 401
[debug] [2023-05-04T04:58:25.857Z] <<< [apiv2][body] GET https://firebase.googleapis.com/v1beta1/projects/e-shopping-ddb12 {"error":{"code":401,"message":"Request had invalid authentication credentials. Expected OAuth 2 access token, login cookie or other valid authentication credential. See https://developers.google.com/identity/sign-in/web/devconsole-project.","status":"UNAUTHENTICATED"}}
[debug] [2023-05-04T04:58:25.858Z] HTTP Error: 401, Request had invalid authentication credentials. Expected OAuth 2 access token, login cookie or other valid authentication credential. See https://developers.google.com/identity/sign-in/web/devconsole-project.
[debug] [2023-05-04T04:58:26.096Z] FirebaseError: HTTP Error: 401, Request had invalid authentication credentials. Expected OAuth 2 access token, login cookie or other valid authentication credential. See https://developers.google.com/identity/sign-in/web/devconsole-project.
    at responseToError (C:\Users\IDEAELAN - SRIRAM\AppData\Roaming\npm\node_modules\firebase-tools\lib\responseToError.js:49:12)
    at RetryOperation._fn (C:\Users\IDEAELAN - SRIRAM\AppData\Roaming\npm\node_modules\firebase-tools\lib\apiv2.js:288:77)
    at process.processTicksAndRejections (node:internal/process/task_queues:95:5)
[error] 
[error] Error: Failed to get Firebase project e-shopping-ddb12. Please make sure the project exists and your account has permission to access it.
